# JRE version: OpenJDK Runtime Environment (11.0.12+7) (build 11.0.12+7-b1504.28-7817840)
# Java VM: OpenJDK 64-Bit Server VM (11.0.12+7-b1504.28-7817840, mixed mode, tiered, compressed oops, g1 gc, windows-amd64)
Heap:
 garbage-first heap   total 260096K, used 109845K [0x0000000080000000, 0x0000000100000000)
  region size 1024K, 12 young (12288K), 1 survivors (1024K)
 Metaspace       used 139737K, capacity 144308K, committed 144468K, reserved 1175552K
  class space    used 16985K, capacity 18688K, committed 18688K, reserved 1048576K
GC Heap History (20 events):
Event: 5229.754 GC heap before
{Heap before GC invocations=51 (full 0):
 garbage-first heap   total 260096K, used 107085K [0x0000000080000000, 0x0000000100000000)
  region size 1024K, 12 young (12288K), 11 survivors (11264K)
 Metaspace       used 137553K, capacity 141419K, committed 142420K, reserved 1173504K
  class space    used 16698K, capacity 18163K, committed 18688K, reserved 1048576K
}
Event: 5229.772 GC heap after
{Heap after GC invocations=52 (full 0):
 garbage-first heap   total 260096K, used 104622K [0x0000000080000000, 0x0000000100000000)
  region size 1024K, 2 young (2048K), 2 survivors (2048K)
 Metaspace       used 137553K, capacity 141419K, committed 142420K, reserved 1173504K
  class space    used 16698K, capacity 18163K, committed 18688K, reserved 1048576K
}
Event: 5229.944 GC heap before
{Heap before GC invocations=52 (full 0):
 garbage-first heap   total 260096K, used 113838K [0x0000000080000000, 0x0000000100000000)
  region size 1024K, 12 young (12288K), 2 survivors (2048K)
 Metaspace       used 137571K, capacity 141420K, committed 142420K, reserved 1173504K
  class space    used 16699K, capacity 18163K, committed 18688K, reserved 1048576K
}
Event: 5229.958 GC heap after
{Heap after GC invocations=53 (full 0):
 garbage-first heap   total 260096K, used 104835K [0x0000000080000000, 0x0000000100000000)
  region size 1024K, 2 young (2048K), 2 survivors (2048K)
 Metaspace       used 137571K, capacity 141420K, committed 142420K, reserved 1173504K
  class space    used 16699K, capacity 18163K, committed 18688K, reserved 1048576K
}
Event: 5357.571 GC heap before
{Heap before GC invocations=54 (full 0):
 garbage-first heap   total 260096K, used 221571K [0x0000000080000000, 0x0000000100000000)
  region size 1024K, 107 young (109568K), 2 survivors (2048K)
 Metaspace       used 137853K, capacity 141742K, committed 142676K, reserved 1173504K
  class space    used 16711K, capacity 18182K, committed 18688K, reserved 1048576K
}
Event: 5357.581 GC heap after
{Heap after GC invocations=55 (full 0):
 garbage-first heap   total 260096K, used 112212K [0x0000000080000000, 0x0000000100000000)
  region size 1024K, 8 young (8192K), 8 survivors (8192K)
 Metaspace       used 137853K, capacity 141742K, committed 142676K, reserved 1173504K
  class space    used 16711K, capacity 18182K, committed 18688K, reserved 1048576K
}
Event: 5357.603 GC heap before
{Heap before GC invocations=55 (full 0):
 garbage-first heap   total 260096K, used 116308K [0x0000000080000000, 0x0000000100000000)
  region size 1024K, 12 young (12288K), 8 survivors (8192K)
 Metaspace       used 137862K, capacity 141754K, committed 142676K, reserved 1173504K
  class space    used 16714K, capacity 18186K, committed 18688K, reserved 1048576K
}
Event: 5357.620 GC heap after
{Heap after GC invocations=56 (full 0):
 garbage-first heap   total 260096K, used 97472K [0x0000000080000000, 0x0000000100000000)
  region size 1024K, 2 young (2048K), 2 survivors (2048K)
 Metaspace       used 137862K, capacity 141754K, committed 142676K, reserved 1173504K
  class space    used 16714K, capacity 18186K, committed 18688K, reserved 1048576K
}
Event: 5359.915 GC heap before
{Heap before GC invocations=56 (full 0):
 garbage-first heap   total 260096K, used 171200K [0x0000000080000000, 0x0000000100000000)
  region size 1024K, 76 young (77824K), 2 survivors (2048K)
 Metaspace       used 137964K, capacity 141768K, committed 142676K, reserved 1173504K
  class space    used 16716K, capacity 18190K, committed 18688K, reserved 1048576K
}
Event: 5359.928 GC heap after
{Heap after GC invocations=57 (full 0):
 garbage-first heap   total 260096K, used 101400K [0x0000000080000000, 0x0000000100000000)
  region size 1024K, 5 young (5120K), 5 survivors (5120K)
 Metaspace       used 137964K, capacity 141768K, committed 142676K, reserved 1173504K
  class space    used 16716K, capacity 18190K, committed 18688K, reserved 1048576K
}
Event: 5360.474 GC heap before
{Heap before GC invocations=58 (full 0):
 garbage-first heap   total 260096K, used 214040K [0x0000000080000000, 0x0000000100000000)
  region size 1024K, 112 young (114688K), 5 survivors (5120K)
 Metaspace       used 138114K, capacity 141971K, committed 142676K, reserved 1173504K
  class space    used 16717K, capacity 18192K, committed 18688K, reserved 1048576K
}
Event: 5360.485 GC heap after
{Heap after GC invocations=59 (full 0):
 garbage-first heap   total 260096K, used 108201K [0x0000000080000000, 0x0000000100000000)
  region size 1024K, 10 young (10240K), 10 survivors (10240K)
 Metaspace       used 138114K, capacity 141971K, committed 142676K, reserved 1173504K
  class space    used 16717K, capacity 18192K, committed 18688K, reserved 1048576K
}
Event: 5360.501 GC heap before
{Heap before GC invocations=59 (full 0):
 garbage-first heap   total 260096K, used 110249K [0x0000000080000000, 0x0000000100000000)
  region size 1024K, 12 young (12288K), 10 survivors (10240K)
 Metaspace       used 138114K, capacity 141971K, committed 142676K, reserved 1173504K
  class space    used 16717K, capacity 18192K, committed 18688K, reserved 1048576K
}
Event: 5360.519 GC heap after
{Heap after GC invocations=60 (full 0):
 garbage-first heap   total 260096K, used 98926K [0x0000000080000000, 0x0000000100000000)
  region size 1024K, 1 young (1024K), 1 survivors (1024K)
 Metaspace       used 138114K, capacity 141971K, committed 142676K, reserved 1173504K
  class space    used 16717K, capacity 18192K, committed 18688K, reserved 1048576K
}
Event: 5360.564 GC heap before
{Heap before GC invocations=60 (full 0):
 garbage-first heap   total 260096K, used 104046K [0x0000000080000000, 0x0000000100000000)
  region size 1024K, 7 young (7168K), 1 survivors (1024K)
 Metaspace       used 138129K, capacity 141971K, committed 142676K, reserved 1173504K
  class space    used 16717K, capacity 18192K, committed 18688K, reserved 1048576K
}
Event: 5360.570 GC heap after
{Heap after GC invocations=61 (full 0):
 garbage-first heap   total 260096K, used 99523K [0x0000000080000000, 0x0000000100000000)
  region size 1024K, 2 young (2048K), 2 survivors (2048K)
 Metaspace       used 138129K, capacity 141971K, committed 142676K, reserved 1173504K
  class space    used 16717K, capacity 18192K, committed 18688K, reserved 1048576K
}
Event: 5473.437 GC heap before
{Heap before GC invocations=62 (full 0):
 garbage-first heap   total 260096K, used 220355K [0x0000000080000000, 0x0000000100000000)
  region size 1024K, 111 young (113664K), 2 survivors (2048K)
 Metaspace       used 139719K, capacity 144308K, committed 144468K, reserved 1175552K
  class space    used 16985K, capacity 18688K, committed 18688K, reserved 1048576K
}
Event: 5473.445 GC heap after
{Heap after GC invocations=63 (full 0):
 garbage-first heap   total 260096K, used 100768K [0x0000000080000000, 0x0000000100000000)
  region size 1024K, 3 young (3072K), 3 survivors (3072K)
 Metaspace       used 139719K, capacity 144308K, committed 144468K, reserved 1175552K
  class space    used 16985K, capacity 18688K, committed 18688K, reserved 1048576K
}
Event: 5473.592 GC heap before
{Heap before GC invocations=63 (full 0):
 garbage-first heap   total 260096K, used 108960K [0x0000000080000000, 0x0000000100000000)
  region size 1024K, 12 young (12288K), 3 survivors (3072K)
 Metaspace       used 139719K, capacity 144308K, committed 144468K, reserved 1175552K
  class space    used 16985K, capacity 18688K, committed 18688K, reserved 1048576K
}
Event: 5473.602 GC heap after
{Heap after GC invocations=64 (full 0):
 garbage-first heap   total 260096K, used 99605K [0x0000000080000000, 0x0000000100000000)
  region size 1024K, 1 young (1024K), 1 survivors (1024K)
 Metaspace       used 139719K, capacity 144308K, committed 144468K, reserved 1175552K
  class space    used 16985K, capacity 18688K, committed 18688K, reserved 1048576K
}

